# JRE version: OpenJDK Runtime Environment (11.0.13) (build 11.0.13+0-b1751.21-8125866)
# Java VM: OpenJDK 64-Bit Server VM (11.0.13+0-b1751.21-8125866, mixed mode, tiered, compressed oops, g1 gc, windows-amd64)
Heap:
 garbage-first heap   total 206848K, used 97050K [0x0000000080000000, 0x0000000100000000)
  region size 1024K, 25 young (25600K), 5 survivors (5120K)
 Metaspace       used 86041K, capacity 88172K, committed 88412K, reserved 1126400K
  class space    used 11026K, capacity 11802K, committed 11808K, reserved 1048576K
GC Heap History (20 events):
Event: 13.823 GC heap before
{Heap before GC invocations=13 (full 0):
 garbage-first heap   total 143360K, used 107290K [0x0000000080000000, 0x0000000100000000)
  region size 1024K, 81 young (82944K), 7 survivors (7168K)
 Metaspace       used 48913K, capacity 50252K, committed 50384K, reserved 1093632K
  class space    used 6151K, capacity 6624K, committed 6688K, reserved 1048576K
}
Event: 13.841 GC heap after
{Heap after GC invocations=14 (full 0):
 garbage-first heap   total 143360K, used 36647K [0x0000000080000000, 0x0000000100000000)
  region size 1024K, 9 young (9216K), 9 survivors (9216K)
 Metaspace       used 48913K, capacity 50252K, committed 50384K, reserved 1093632K
  class space    used 6151K, capacity 6624K, committed 6688K, reserved 1048576K
}
Event: 15.608 GC heap before
{Heap before GC invocations=14 (full 0):
 garbage-first heap   total 143360K, used 109351K [0x0000000080000000, 0x0000000100000000)
  region size 1024K, 78 young (79872K), 9 survivors (9216K)
 Metaspace       used 57623K, capacity 59108K, committed 59344K, reserved 1101824K
  class space    used 7163K, capacity 7697K, committed 7712K, reserved 1048576K
}
Event: 15.624 GC heap after
{Heap after GC invocations=15 (full 0):
 garbage-first heap   total 143360K, used 44509K [0x0000000080000000, 0x0000000100000000)
  region size 1024K, 10 young (10240K), 10 survivors (10240K)
 Metaspace       used 57623K, capacity 59108K, committed 59344K, reserved 1101824K
  class space    used 7163K, capacity 7697K, committed 7712K, reserved 1048576K
}
Event: 15.912 GC heap before
{Heap before GC invocations=15 (full 0):
 garbage-first heap   total 143360K, used 56797K [0x0000000080000000, 0x0000000100000000)
  region size 1024K, 23 young (23552K), 10 survivors (10240K)
 Metaspace       used 58974K, capacity 60438K, committed 60508K, reserved 1101824K
  class space    used 7364K, capacity 7925K, committed 7968K, reserved 1048576K
}
Event: 15.934 GC heap after
{Heap after GC invocations=16 (full 0):
 garbage-first heap   total 172032K, used 46327K [0x0000000080000000, 0x0000000100000000)
  region size 1024K, 2 young (2048K), 2 survivors (2048K)
 Metaspace       used 58974K, capacity 60438K, committed 60508K, reserved 1101824K
  class space    used 7364K, capacity 7925K, committed 7968K, reserved 1048576K
}
Event: 17.353 GC heap before
{Heap before GC invocations=17 (full 0):
 garbage-first heap   total 172032K, used 106743K [0x0000000080000000, 0x0000000100000000)
  region size 1024K, 55 young (56320K), 2 survivors (2048K)
 Metaspace       used 64107K, capacity 65665K, committed 65756K, reserved 1105920K
  class space    used 7999K, capacity 8551K, committed 8608K, reserved 1048576K
}
Event: 17.366 GC heap after
{Heap after GC invocations=18 (full 0):
 garbage-first heap   total 172032K, used 50484K [0x0000000080000000, 0x0000000100000000)
  region size 1024K, 6 young (6144K), 6 survivors (6144K)
 Metaspace       used 64107K, capacity 65665K, committed 65756K, reserved 1105920K
  class space    used 7999K, capacity 8551K, committed 8608K, reserved 1048576K
}
Event: 19.129 GC heap before
{Heap before GC invocations=19 (full 0):
 garbage-first heap   total 172032K, used 106804K [0x0000000080000000, 0x0000000100000000)
  region size 1024K, 61 young (62464K), 6 survivors (6144K)
 Metaspace       used 66580K, capacity 68069K, committed 68188K, reserved 1107968K
  class space    used 8343K, capacity 8892K, committed 8992K, reserved 1048576K
}
Event: 19.143 GC heap after
{Heap after GC invocations=20 (full 0):
 garbage-first heap   total 172032K, used 54804K [0x0000000080000000, 0x0000000100000000)
  region size 1024K, 5 young (5120K), 5 survivors (5120K)
 Metaspace       used 66580K, capacity 68069K, committed 68188K, reserved 1107968K
  class space    used 8343K, capacity 8892K, committed 8992K, reserved 1048576K
}
Event: 20.373 GC heap before
{Heap before GC invocations=20 (full 0):
 garbage-first heap   total 172032K, used 113172K [0x0000000080000000, 0x0000000100000000)
  region size 1024K, 62 young (63488K), 5 survivors (5120K)
 Metaspace       used 70827K, capacity 72450K, committed 72668K, reserved 1112064K
  class space    used 9015K, capacity 9604K, committed 9632K, reserved 1048576K
}
Event: 20.387 GC heap after
{Heap after GC invocations=21 (full 0):
 garbage-first heap   total 172032K, used 57844K [0x0000000080000000, 0x0000000100000000)
  region size 1024K, 8 young (8192K), 8 survivors (8192K)
 Metaspace       used 70827K, capacity 72450K, committed 72668K, reserved 1112064K
  class space    used 9015K, capacity 9604K, committed 9632K, reserved 1048576K
}
Event: 21.789 GC heap before
{Heap before GC invocations=21 (full 0):
 garbage-first heap   total 172032K, used 118260K [0x0000000080000000, 0x0000000100000000)
  region size 1024K, 67 young (68608K), 8 survivors (8192K)
 Metaspace       used 73486K, capacity 75159K, committed 75484K, reserved 1114112K
  class space    used 9415K, capacity 10028K, committed 10144K, reserved 1048576K
}
Event: 21.825 GC heap after
{Heap after GC invocations=22 (full 0):
 garbage-first heap   total 172032K, used 62380K [0x0000000080000000, 0x0000000100000000)
  region size 1024K, 8 young (8192K), 8 survivors (8192K)
 Metaspace       used 73486K, capacity 75159K, committed 75484K, reserved 1114112K
  class space    used 9415K, capacity 10028K, committed 10144K, reserved 1048576K
}
Event: 25.729 GC heap before
{Heap before GC invocations=22 (full 0):
 garbage-first heap   total 172032K, used 123820K [0x0000000080000000, 0x0000000100000000)
  region size 1024K, 68 young (69632K), 8 survivors (8192K)
 Metaspace       used 78626K, capacity 80524K, committed 80604K, reserved 1120256K
  class space    used 10168K, capacity 10874K, committed 10912K, reserved 1048576K
}
Event: 25.753 GC heap after
{Heap after GC invocations=23 (full 0):
 garbage-first heap   total 172032K, used 66141K [0x0000000080000000, 0x0000000100000000)
  region size 1024K, 8 young (8192K), 8 survivors (8192K)
 Metaspace       used 78626K, capacity 80524K, committed 80604K, reserved 1120256K
  class space    used 10168K, capacity 10874K, committed 10912K, reserved 1048576K
}
Event: 29.070 GC heap before
{Heap before GC invocations=23 (full 0):
 garbage-first heap   total 172032K, used 126557K [0x0000000080000000, 0x0000000100000000)
  region size 1024K, 68 young (69632K), 8 survivors (8192K)
 Metaspace       used 84838K, capacity 86912K, committed 87004K, reserved 1124352K
  class space    used 10927K, capacity 11679K, committed 11680K, reserved 1048576K
}
Event: 29.099 GC heap after
{Heap after GC invocations=24 (full 0):
 garbage-first heap   total 172032K, used 72493K [0x0000000080000000, 0x0000000100000000)
  region size 1024K, 9 young (9216K), 9 survivors (9216K)
 Metaspace       used 84838K, capacity 86912K, committed 87004K, reserved 1124352K
  class space    used 10927K, capacity 11679K, committed 11680K, reserved 1048576K
}
Event: 30.809 GC heap before
{Heap before GC invocations=24 (full 0):
 garbage-first heap   total 172032K, used 129837K [0x0000000080000000, 0x0000000100000000)
  region size 1024K, 66 young (67584K), 9 survivors (9216K)
 Metaspace       used 85737K, capacity 87844K, committed 87900K, reserved 1126400K
  class space    used 11008K, capacity 11787K, committed 11808K, reserved 1048576K
}
Event: 30.834 GC heap after
{Heap after GC invocations=25 (full 0):
 garbage-first heap   total 206848K, used 77594K [0x0000000080000000, 0x0000000100000000)
  region size 1024K, 5 young (5120K), 5 survivors (5120K)
 Metaspace       used 85737K, capacity 87844K, committed 87900K, reserved 1126400K
  class space    used 11008K, capacity 11787K, committed 11808K, reserved 1048576K
}

